Performing C SOURCE FILE Test CMAKE_HAVE_LIBC_PTHREAD failed with the following output:
Change Dir: /home/victor/MID/src/CMakeFiles/CMakeTmp

Run Build Command(s):/usr/bin/make cmTC_717e9/fast && /usr/bin/make -f CMakeFiles/cmTC_717e9.dir/build.make CMakeFiles/cmTC_717e9.dir/build
make[1]: se entra en el directorio '/home/victor/MID/src/CMakeFiles/CMakeTmp'
Building C object CMakeFiles/cmTC_717e9.dir/src.c.o
/usr/bin/cc   -DCMAKE_HAVE_LIBC_PTHREAD   -o CMakeFiles/cmTC_717e9.dir/src.c.o   -c /home/victor/MID/src/CMakeFiles/CMakeTmp/src.c
Linking C executable cmTC_717e9
/usr/bin/cmake -E cmake_link_script CMakeFiles/cmTC_717e9.dir/link.txt --verbose=1
/usr/bin/cc  -DCMAKE_HAVE_LIBC_PTHREAD    CMakeFiles/cmTC_717e9.dir/src.c.o  -o cmTC_717e9 
/usr/bin/ld: CMakeFiles/cmTC_717e9.dir/src.c.o: en la función `main':
src.c:(.text+0x46): referencia a `pthread_create' sin definir
/usr/bin/ld: src.c:(.text+0x52): referencia a `pthread_detach' sin definir
/usr/bin/ld: src.c:(.text+0x63): referencia a `pthread_join' sin definir
collect2: error: ld returned 1 exit status
make[1]: *** [CMakeFiles/cmTC_717e9.dir/build.make:87: cmTC_717e9] Error 1
make[1]: se sale del directorio '/home/victor/MID/src/CMakeFiles/CMakeTmp'
make: *** [Makefile:121: cmTC_717e9/fast] Error 2


Source file was:
#include <pthread.h>

void* test_func(void* data)
{
  return data;
}

int main(void)
{
  pthread_t thread;
  pthread_create(&thread, NULL, test_func, NULL);
  pthread_detach(thread);
  pthread_join(thread, NULL);
  pthread_atfork(NULL, NULL, NULL);
  pthread_exit(NULL);

  return 0;
}

Performing C SOURCE FILE Test CMAKE_HAVE_LIBC_PTHREAD failed with the following output:
Change Dir: /home/victor/MID2/src/CMakeFiles/CMakeTmp

Run Build Command(s):/usr/bin/make cmTC_bed1a/fast && /usr/bin/make -f CMakeFiles/cmTC_bed1a.dir/build.make CMakeFiles/cmTC_bed1a.dir/build
make[1]: se entra en el directorio '/home/victor/MID2/src/CMakeFiles/CMakeTmp'
Building C object CMakeFiles/cmTC_bed1a.dir/src.c.o
/usr/bin/cc   -DCMAKE_HAVE_LIBC_PTHREAD   -o CMakeFiles/cmTC_bed1a.dir/src.c.o   -c /home/victor/MID2/src/CMakeFiles/CMakeTmp/src.c
Linking C executable cmTC_bed1a
/usr/bin/cmake -E cmake_link_script CMakeFiles/cmTC_bed1a.dir/link.txt --verbose=1
/usr/bin/cc  -DCMAKE_HAVE_LIBC_PTHREAD    CMakeFiles/cmTC_bed1a.dir/src.c.o  -o cmTC_bed1a 
/usr/bin/ld: CMakeFiles/cmTC_bed1a.dir/src.c.o: en la función `main':
src.c:(.text+0x46): referencia a `pthread_create' sin definir
/usr/bin/ld: src.c:(.text+0x52): referencia a `pthread_detach' sin definir
/usr/bin/ld: src.c:(.text+0x63): referencia a `pthread_join' sin definir
collect2: error: ld returned 1 exit status
make[1]: *** [CMakeFiles/cmTC_bed1a.dir/build.make:87: cmTC_bed1a] Error 1
make[1]: se sale del directorio '/home/victor/MID2/src/CMakeFiles/CMakeTmp'
make: *** [Makefile:121: cmTC_bed1a/fast] Error 2


Source file was:
#include <pthread.h>

void* test_func(void* data)
{
  return data;
}

int main(void)
{
  pthread_t thread;
  pthread_create(&thread, NULL, test_func, NULL);
  pthread_detach(thread);
  pthread_join(thread, NULL);
  pthread_atfork(NULL, NULL, NULL);
  pthread_exit(NULL);

  return 0;
}

Performing C SOURCE FILE Test CMAKE_HAVE_LIBC_PTHREAD failed with the following output:
Change Dir: /home/victor/MID3/src/CMakeFiles/CMakeTmp

Run Build Command(s):/usr/bin/make cmTC_f7c00/fast && /usr/bin/make -f CMakeFiles/cmTC_f7c00.dir/build.make CMakeFiles/cmTC_f7c00.dir/build
make[1]: se entra en el directorio '/home/victor/MID3/src/CMakeFiles/CMakeTmp'
Building C object CMakeFiles/cmTC_f7c00.dir/src.c.o
/usr/bin/cc   -DCMAKE_HAVE_LIBC_PTHREAD   -o CMakeFiles/cmTC_f7c00.dir/src.c.o   -c /home/victor/MID3/src/CMakeFiles/CMakeTmp/src.c
Linking C executable cmTC_f7c00
/usr/bin/cmake -E cmake_link_script CMakeFiles/cmTC_f7c00.dir/link.txt --verbose=1
/usr/bin/cc  -DCMAKE_HAVE_LIBC_PTHREAD    CMakeFiles/cmTC_f7c00.dir/src.c.o  -o cmTC_f7c00 
/usr/bin/ld: CMakeFiles/cmTC_f7c00.dir/src.c.o: en la función `main':
src.c:(.text+0x46): referencia a `pthread_create' sin definir
/usr/bin/ld: src.c:(.text+0x52): referencia a `pthread_detach' sin definir
/usr/bin/ld: src.c:(.text+0x63): referencia a `pthread_join' sin definir
collect2: error: ld returned 1 exit status
make[1]: *** [CMakeFiles/cmTC_f7c00.dir/build.make:87: cmTC_f7c00] Error 1
make[1]: se sale del directorio '/home/victor/MID3/src/CMakeFiles/CMakeTmp'
make: *** [Makefile:121: cmTC_f7c00/fast] Error 2


Source file was:
#include <pthread.h>

void* test_func(void* data)
{
  return data;
}

int main(void)
{
  pthread_t thread;
  pthread_create(&thread, NULL, test_func, NULL);
  pthread_detach(thread);
  pthread_join(thread, NULL);
  pthread_atfork(NULL, NULL, NULL);
  pthread_exit(NULL);

  return 0;
}

